<?xml version="1.0" encoding="utf-8"?><testsuites name="pytest tests"><testsuite name="pytest" errors="0" failures="0" skipped="0" tests="6" time="0.632" timestamp="2026-06-07T14:06:04.120393+00:00" hostname="agent-env-308b1176-8c4c-48af-9802-4dfabb358fe5"><testcase classname="backend.tests.test_appointments.TestHealth" name="test_api_root" time="0.257" /><testcase classname="backend.tests.test_appointments.TestAppointments" name="test_create_appointment_requires_consenso" time="0.047" /><testcase classname="backend.tests.test_appointments.TestAppointments" name="test_create_appointment_invalid_email" time="0.052" /><testcase classname="backend.tests.test_appointments.TestAppointments" name="test_create_appointment_missing_required" time="0.048" /><testcase classname="backend.tests.test_appointments.TestAppointments" name="test_create_appointment_happy_path_and_persistence" time="0.103" /><testcase classname="backend.tests.test_appointments.TestAppointments" name="test_create_appointment_minimal_fields" time="0.053" /></testsuite></testsuites>